pg_dump: ÅŒã‚Ì‘g‚İ‚İOID‚Í16383
pg_dump: ‹@”\Šg’£‚ğ“Ç‚İ‚ñ‚Å‚¢‚Ü‚·
pg_dump: ‹@”\Šg’£‚Ì\¬—v‘f‚ğ“Á’è‚µ‚Ä‚¢‚Ü‚·
pg_dump: ƒXƒL[ƒ}‚ğ“Ç‚İ‚ñ‚Å‚¢‚Ü‚·
pg_dump: ƒ†[ƒU[’è‹`ƒe[ƒuƒ‹‚ğ“Ç‚İ‚ñ‚Å‚¢‚Ü‚·
pg_dump: ƒ†[ƒU[’è‹`ŠÖ”‚ğ“Ç‚İ‚ñ‚Å‚¢‚Ü‚·
pg_dump: ƒ†[ƒU[’è‹`Œ^‚ğ“Ç‚İ‚ñ‚Å‚¢‚Ü‚·
pg_dump: è‘±‚«Œ¾Œê‚ğ“Ç‚İ‚ñ‚Å‚¢‚Ü‚·
pg_dump: ƒ†[ƒU[’è‹`W–ñŠÖ”‚ğ“Ç‚İ‚ñ‚Å‚¢‚Ü‚·
pg_dump: ƒ†[ƒU[’è‹`‰‰Zq‚ğ“Ç‚İ‚ñ‚Å‚¢‚Ü‚·
pg_dump: ƒ†[ƒU[’è‹`ƒAƒNƒZƒXƒƒ\ƒbƒh‚ğ“Ç‚İ‚ñ‚Å‚¢‚Ü‚·
pg_dump: ƒ†[ƒU[’è‹`‰‰ZqƒNƒ‰ƒX‚ğ“Ç‚İ‚ñ‚Å‚¢‚Ü‚·
pg_dump: ƒ†[ƒU[’è‹`‰‰Zq‘°‚ğ“Ç‚İ‚ñ‚Å‚¢‚Ü‚·
pg_dump: ƒ†[ƒU[’è‹`‚ÌƒeƒLƒXƒgŒŸõƒp[ƒT‚ğ“Ç‚İ‚ñ‚Å‚¢‚Ü‚·
pg_dump: ƒ†[ƒU[’è‹`‚ÌƒeƒLƒXƒgŒŸõƒeƒ“ƒvƒŒ[ƒg‚ğ“Ç‚İ‚ñ‚Å‚¢‚Ü‚·
pg_dump: ƒ†[ƒU[’è‹`‚ÌƒeƒLƒXƒgŒŸõ«‘‚ğ“Ç‚İ‚ñ‚Å‚¢‚Ü‚·
pg_dump: ƒ†[ƒU[’è‹`‚ÌƒeƒLƒXƒgŒŸõİ’è‚ğ“Ç‚İ‚ñ‚Å‚¢‚Ü‚·
pg_dump: ƒ†[ƒU[’è‹`‚ÌŠO•”ƒf[ƒ^ƒ‰ƒbƒp[‚ğ“Ç‚İ‚ñ‚Å‚¢‚Ü‚·
pg_dump: ƒ†[ƒU[’è‹`‚ÌŠO•”ƒT[ƒo[‚ğ“Ç‚İ‚ñ‚Å‚¢‚Ü‚·
pg_dump: ƒfƒtƒHƒ‹ƒgŒ ŒÀİ’è‚ğ“Ç‚İ‚ñ‚Å‚¢‚Ü‚·
pg_dump: ƒ†[ƒU[’è‹`‚ÌÆ‡‡˜‚ğ“Ç‚İ‚ñ‚Å‚¢‚Ü‚·
pg_dump: ƒ†[ƒU[’è‹`‚Ì•ÏŠ·‚ğ“Ç‚İ‚ñ‚Å‚¢‚Ü‚·
pg_dump: Œ^ƒLƒƒƒXƒg‚ğ“Ç‚İ‚ñ‚Å‚¢‚Ü‚·
pg_dump: •ÏŠ·‚ğ“Ç‚İ‚ñ‚Å‚¢‚Ü‚·
pg_dump: ƒe[ƒuƒ‹Œp³î•ñ‚ğ“Ç‚İ‚ñ‚Å‚¢‚Ü‚·
pg_dump: ƒCƒxƒ“ƒgƒgƒŠƒK‚ğ“Ç‚İ‚ñ‚Å‚¢‚Ü‚·
pg_dump: ‹@”\Šg’£\¬ƒe[ƒuƒ‹‚ğ’T‚µ‚Ä‚¢‚Ü‚·
pg_dump: Œp³ŠÖŒW‚ğŒŸõ‚µ‚Ä‚¢‚Ü‚·
pg_dump: ‘ÎÛƒe[ƒuƒ‹‚Ì—ñî•ñ‚ğ“Ç‚İ‚ñ‚Å‚¢‚Ü‚·
pg_dump: ƒe[ƒuƒ‹‚ÌƒfƒtƒHƒ‹ƒg®‚ğ’T‚µ‚Ä‚¢‚Ü‚·
pg_dump: qƒe[ƒuƒ‹‚ÌŒp³—ñ‚Éƒtƒ‰ƒO‚ğİ’è‚µ‚Ä‚¢‚Ü‚·
pg_dump: ƒp[ƒeƒBƒVƒ‡ƒ“î•ñ‚ğ“Ç‚İ‚ñ‚Å‚¢‚Ü‚·
pg_dump: ƒCƒ“ƒfƒbƒNƒX‚ğ“Ç‚İ‚ñ‚Å‚¢‚Ü‚·
pg_dump: ƒp[ƒeƒBƒVƒ‡ƒ“eƒe[ƒuƒ‹‚ÌƒCƒ“ƒfƒbƒNƒX‚Éƒtƒ‰ƒO‚ğİ’è‚µ‚Ä‚¢‚Ü‚·
pg_dump: Šg’£“Œvî•ñ‚ğ“Ç‚İ‚ñ‚Å‚¢‚Ü‚·
pg_dump: §–ñ‚ğ“Ç‚İ‚ñ‚Å‚¢‚Ü‚·
pg_dump: ƒgƒŠƒK‚ğ“Ç‚İ‚ñ‚Å‚¢‚Ü‚·
pg_dump: ‘‚«Š·‚¦ƒ‹[ƒ‹‚ğ“Ç‚İ‚ñ‚Å‚¢‚Ü‚·
pg_dump: ƒ|ƒŠƒV‚ğ“Ç‚İ‚ñ‚Å‚¢‚Ü‚·
pg_dump: sƒŒƒxƒ‹ƒZƒLƒ…ƒŠƒeƒBƒ|ƒŠƒV[‚ğ“Ç‚İæ‚è‚Ü‚·
pg_dump: ƒpƒuƒŠƒP[ƒVƒ‡ƒ“‚ğ“Ç‚İ‚ñ‚Å‚¢‚Ü‚·
pg_dump: ƒe[ƒuƒ‹‚ÌƒpƒuƒŠƒP[ƒVƒ‡ƒ“‚Ö‚ÌŠ‘®‚ğ“Ç‚İæ‚Á‚Ä‚¢‚Ü‚·
pg_dump: ƒXƒL[ƒ}‚ÌƒpƒuƒŠƒP[ƒVƒ‡ƒ“‚Ö‚ÌŠ‘®‚ğ“Ç‚İæ‚Á‚Ä‚¢‚Ü‚·
pg_dump: ƒTƒuƒXƒNƒŠƒvƒVƒ‡ƒ“‚ğ“Ç‚İ‚ñ‚Å‚¢‚Ü‚·
pg_dump: ƒe[ƒuƒ‹‚ÌƒTƒuƒXƒNƒŠƒvƒVƒ‡ƒ“‚Ö‚ÌŠ‘®‚ğ“Ç‚İæ‚Á‚Ä‚¢‚Ü‚·
pg_dump: ƒ‰[ƒWƒIƒuƒWƒFƒNƒg‚ğ“Ç‚İ‚ñ‚Å‚¢‚Ü‚·
pg_dump: ƒf[ƒ^‚ÌˆË‘¶ƒf[ƒ^‚ğ“Ç‚İ‚ñ‚Å‚¢‚Ü‚·
pg_dump: encoding = UTF8 ‚ğ•Û‘¶‚µ‚Ä‚¢‚Ü‚·
pg_dump: "standard_conforming_strings = on" ‚ğ•Û‘¶‚µ‚Ä‚¢‚Ü‚·
pg_dump: "search_path = " ‚ğ•Û‘¶‚µ‚Ä‚¢‚Ü‚·
pg_dump: ƒf[ƒ^ƒx[ƒX’è‹`‚ğ•Û‘¶‚µ‚Ä‚¢‚Ü‚·
pg_dump: ƒe[ƒuƒ‹ "public.Mã‚¹ã‚­ãƒ¼ã‚¸"‚Ì“à—e‚ğƒ_ƒ“ƒv‚µ‚Ä‚¢‚Ü‚·
pg_dump: ƒe[ƒuƒ‹ "public.Må‰Šé™¤"‚Ì“à—e‚ğƒ_ƒ“ƒv‚µ‚Ä‚¢‚Ü‚·
pg_dump: ƒe[ƒuƒ‹ "public.Måœ¨åº«ç™»éŒ²æœ€æ–°"‚Ì“à—e‚ğƒ_ƒ“ƒv‚µ‚Ä‚¢‚Ü‚·
pg_dump: ƒe[ƒuƒ‹ "public.Måœ¨åº«ç™»éŒ²çŠ¶æ³"‚Ì“à—e‚ğƒ_ƒ“ƒv‚µ‚Ä‚¢‚Ü‚·
pg_dump: ƒe[ƒuƒ‹ "public.Tåœ¨åº«èª¿æŸ»"‚Ì“à—e‚ğƒ_ƒ“ƒv‚µ‚Ä‚¢‚Ü‚·
pg_dump: ƒe[ƒuƒ‹ "public.Tè£½å“æŠ•å…¥æ•°"‚Ì“à—e‚ğƒ_ƒ“ƒv‚µ‚Ä‚¢‚Ü‚·
